
*** Running vivado
    with args -log node_in_strm.vds -m64 -product Vivado -mode batch -messageDb vivado.pb -notrace -source node_in_strm.tcl


****** Vivado v2016.4 (64-bit)
  **** SW Build 1756540 on Mon Jan 23 19:11:19 MST 2017
  **** IP Build 1755317 on Mon Jan 23 20:30:07 MST 2017
    ** Copyright 1986-2016 Xilinx, Inc. All Rights Reserved.

source node_in_strm.tcl -notrace
Starting RTL Elaboration : Time (s): cpu = 00:00:15 ; elapsed = 00:00:15 . Memory (MB): peak = 1116.539 ; gain = 182.090 ; free physical = 981 ; free virtual = 7001
INFO: [Synth 8-638] synthesizing module 'node_in_strm' [/home/yuzou/gcn_fpga_exp1/gcn_fpga_hw/gcn_fpga_hw.srcs/sources_1/ip/node_in_strm/synth/node_in_strm.vhd:72]
INFO: [Synth 8-256] done synthesizing module 'node_in_strm' (26#1) [/home/yuzou/gcn_fpga_exp1/gcn_fpga_hw/gcn_fpga_hw.srcs/sources_1/ip/node_in_strm/synth/node_in_strm.vhd:72]
Finished RTL Elaboration : Time (s): cpu = 00:01:26 ; elapsed = 00:01:26 . Memory (MB): peak = 1329.684 ; gain = 395.234 ; free physical = 762 ; free virtual = 6783
Finished RTL Optimization Phase 1 : Time (s): cpu = 00:01:26 ; elapsed = 00:01:27 . Memory (MB): peak = 1329.684 ; gain = 395.234 ; free physical = 762 ; free virtual = 6783
INFO: [Device 21-403] Loading part xc7k325tffg900-2
Constraint Validation Runtime : Time (s): cpu = 00:00:00.03 ; elapsed = 00:00:00.03 . Memory (MB): peak = 1447.691 ; gain = 1.000 ; free physical = 653 ; free virtual = 6693
Finished Constraint Validation : Time (s): cpu = 00:01:45 ; elapsed = 00:01:46 . Memory (MB): peak = 1447.695 ; gain = 513.246 ; free physical = 599 ; free virtual = 6640
Finished Loading Part and Timing Information : Time (s): cpu = 00:01:45 ; elapsed = 00:01:46 . Memory (MB): peak = 1447.695 ; gain = 513.246 ; free physical = 599 ; free virtual = 6640
Finished applying 'set_property' XDC Constraints : Time (s): cpu = 00:01:45 ; elapsed = 00:01:46 . Memory (MB): peak = 1447.695 ; gain = 513.246 ; free physical = 599 ; free virtual = 6640
Finished RTL Optimization Phase 2 : Time (s): cpu = 00:01:46 ; elapsed = 00:01:48 . Memory (MB): peak = 1447.695 ; gain = 513.246 ; free physical = 595 ; free virtual = 6637
Finished Cross Boundary and Area Optimization : Time (s): cpu = 00:01:47 ; elapsed = 00:01:49 . Memory (MB): peak = 1447.699 ; gain = 513.250 ; free physical = 579 ; free virtual = 6621
Finished Applying XDC Timing Constraints : Time (s): cpu = 00:02:00 ; elapsed = 00:02:02 . Memory (MB): peak = 1460.691 ; gain = 526.242 ; free physical = 399 ; free virtual = 6441
Finished Timing Optimization : Time (s): cpu = 00:02:01 ; elapsed = 00:02:02 . Memory (MB): peak = 1460.691 ; gain = 526.242 ; free physical = 399 ; free virtual = 6440
Finished Technology Mapping : Time (s): cpu = 00:02:01 ; elapsed = 00:02:02 . Memory (MB): peak = 1480.730 ; gain = 546.281 ; free physical = 382 ; free virtual = 6423
Finished IO Insertion : Time (s): cpu = 00:02:01 ; elapsed = 00:02:03 . Memory (MB): peak = 1480.734 ; gain = 546.285 ; free physical = 374 ; free virtual = 6416
Finished Renaming Generated Instances : Time (s): cpu = 00:02:01 ; elapsed = 00:02:03 . Memory (MB): peak = 1480.734 ; gain = 546.285 ; free physical = 374 ; free virtual = 6416
Finished Rebuilding User Hierarchy : Time (s): cpu = 00:02:01 ; elapsed = 00:02:03 . Memory (MB): peak = 1480.734 ; gain = 546.285 ; free physical = 367 ; free virtual = 6408
Finished Renaming Generated Ports : Time (s): cpu = 00:02:01 ; elapsed = 00:02:03 . Memory (MB): peak = 1480.734 ; gain = 546.285 ; free physical = 364 ; free virtual = 6405
Finished Handling Custom Attributes : Time (s): cpu = 00:02:01 ; elapsed = 00:02:03 . Memory (MB): peak = 1480.734 ; gain = 546.285 ; free physical = 378 ; free virtual = 6419
Finished Renaming Generated Nets : Time (s): cpu = 00:02:01 ; elapsed = 00:02:03 . Memory (MB): peak = 1480.734 ; gain = 546.285 ; free physical = 378 ; free virtual = 6419

Report Cell Usage: 
+------+---------+------+
|      |Cell     |Count |
+------+---------+------+
|1     |LUT1     |     4|
|2     |LUT2     |     8|
|3     |LUT3     |     5|
|4     |LUT4     |    12|
|5     |LUT5     |     5|
|6     |LUT6     |    10|
|7     |RAMB36E1 |     2|
|8     |FDCE     |    29|
|9     |FDPE     |    26|
|10    |FDRE     |    36|
+------+---------+------+
Finished Writing Synthesis Report : Time (s): cpu = 00:02:01 ; elapsed = 00:02:03 . Memory (MB): peak = 1480.734 ; gain = 546.285 ; free physical = 378 ; free virtual = 6419
synth_design: Time (s): cpu = 00:01:58 ; elapsed = 00:01:58 . Memory (MB): peak = 1492.734 ; gain = 468.781 ; free physical = 329 ; free virtual = 6371
