INFO: [HLS 200-10] Running '/opt/Xilinx/Vivado_HLS/2016.4/bin/unwrapped/lnx64.o/vivado_hls'
INFO: [HLS 200-10] For user 'yuzou' on host 'localhost' (Linux_x86_64 version 4.4.0-96-generic) on Wed Feb 21 04:31:31 EST 2018
INFO: [HLS 200-10] On os Ubuntu 14.04.5 LTS
INFO: [HLS 200-10] In directory '/home/yuzou/gcn_fpga_exp1'
INFO: [HLS 200-10] Opening project '/home/yuzou/gcn_fpga_exp1/gcn_fpga_hls'.
INFO: [HLS 200-10] Opening solution '/home/yuzou/gcn_fpga_exp1/gcn_fpga_hls/solution1'.
INFO: [SYN 201-201] Setting up clock 'default' with a period of 4ns.
INFO: [HLS 200-10] Setting target device to 'xc7k325tffg900-2'
INFO: [IMPL 213-8] Exporting RTL as an IP in IP-XACT.

****** Vivado v2016.4 (64-bit)
  **** SW Build 1756540 on Mon Jan 23 19:11:19 MST 2017
  **** IP Build 1755317 on Mon Jan 23 20:30:07 MST 2017
    ** Copyright 1986-2016 Xilinx, Inc. All Rights Reserved.

source run_ippack.tcl -notrace
INFO: [IP_Flow 19-234] Refreshing IP repositories
INFO: [IP_Flow 19-1704] No user IP repositories specified
INFO: [IP_Flow 19-2313] Loaded Vivado IP repository '/opt/Xilinx/Vivado/2016.4/data/ip'.
INFO: [IP_Flow 19-1686] Generating 'Synthesis' target for IP 'top_ap_fadd_6_full_dsp_32'...
INFO: [IP_Flow 19-1686] Generating 'Simulation' target for IP 'top_ap_fadd_6_full_dsp_32'...
INFO: [IP_Flow 19-234] Refreshing IP repositories
INFO: [IP_Flow 19-1704] No user IP repositories specified
INFO: [IP_Flow 19-2313] Loaded Vivado IP repository '/opt/Xilinx/Vivado/2016.4/data/ip'.
INFO: [Common 17-206] Exiting Vivado at Wed Feb 21 04:31:54 2018...
