
*** Running vivado
    with args -log edge_strm.vds -m64 -product Vivado -mode batch -messageDb vivado.pb -notrace -source edge_strm.tcl


****** Vivado v2016.4 (64-bit)
  **** SW Build 1756540 on Mon Jan 23 19:11:19 MST 2017
  **** IP Build 1755317 on Mon Jan 23 20:30:07 MST 2017
    ** Copyright 1986-2016 Xilinx, Inc. All Rights Reserved.

source edge_strm.tcl -notrace
Starting RTL Elaboration : Time (s): cpu = 00:00:15 ; elapsed = 00:00:16 . Memory (MB): peak = 1116.539 ; gain = 182.090 ; free physical = 672 ; free virtual = 6063
INFO: [Synth 8-638] synthesizing module 'edge_strm' [/home/yuzou/gcn_fpga_exp1/gcn_fpga_hw/gcn_fpga_hw.srcs/sources_1/ip/edge_strm/synth/edge_strm.vhd:72]
INFO: [Synth 8-256] done synthesizing module 'edge_strm' (26#1) [/home/yuzou/gcn_fpga_exp1/gcn_fpga_hw/gcn_fpga_hw.srcs/sources_1/ip/edge_strm/synth/edge_strm.vhd:72]
Finished RTL Elaboration : Time (s): cpu = 00:01:26 ; elapsed = 00:01:28 . Memory (MB): peak = 1328.684 ; gain = 394.234 ; free physical = 654 ; free virtual = 6089
Finished RTL Optimization Phase 1 : Time (s): cpu = 00:01:27 ; elapsed = 00:01:28 . Memory (MB): peak = 1328.684 ; gain = 394.234 ; free physical = 645 ; free virtual = 6080
INFO: [Device 21-403] Loading part xc7k325tffg900-2
Constraint Validation Runtime : Time (s): cpu = 00:00:00.03 ; elapsed = 00:00:00.04 . Memory (MB): peak = 1453.695 ; gain = 0.004 ; free physical = 302 ; free virtual = 5737
Finished Constraint Validation : Time (s): cpu = 00:01:46 ; elapsed = 00:01:48 . Memory (MB): peak = 1453.695 ; gain = 519.246 ; free physical = 212 ; free virtual = 5647
Finished Loading Part and Timing Information : Time (s): cpu = 00:01:46 ; elapsed = 00:01:49 . Memory (MB): peak = 1453.695 ; gain = 519.246 ; free physical = 212 ; free virtual = 5647
Finished applying 'set_property' XDC Constraints : Time (s): cpu = 00:01:46 ; elapsed = 00:01:49 . Memory (MB): peak = 1453.695 ; gain = 519.246 ; free physical = 212 ; free virtual = 5647
Finished RTL Optimization Phase 2 : Time (s): cpu = 00:01:47 ; elapsed = 00:01:50 . Memory (MB): peak = 1453.695 ; gain = 519.246 ; free physical = 184 ; free virtual = 5618
Finished Cross Boundary and Area Optimization : Time (s): cpu = 00:01:48 ; elapsed = 00:01:51 . Memory (MB): peak = 1453.699 ; gain = 519.250 ; free physical = 149 ; free virtual = 5584
Finished Applying XDC Timing Constraints : Time (s): cpu = 00:02:02 ; elapsed = 00:02:07 . Memory (MB): peak = 1460.691 ; gain = 526.242 ; free physical = 770 ; free virtual = 5971
Finished Timing Optimization : Time (s): cpu = 00:02:02 ; elapsed = 00:02:07 . Memory (MB): peak = 1460.691 ; gain = 526.242 ; free physical = 769 ; free virtual = 5971
Finished Technology Mapping : Time (s): cpu = 00:02:02 ; elapsed = 00:02:07 . Memory (MB): peak = 1480.723 ; gain = 546.273 ; free physical = 744 ; free virtual = 5946
Finished IO Insertion : Time (s): cpu = 00:02:03 ; elapsed = 00:02:08 . Memory (MB): peak = 1480.727 ; gain = 546.277 ; free physical = 740 ; free virtual = 5942
Finished Renaming Generated Instances : Time (s): cpu = 00:02:03 ; elapsed = 00:02:08 . Memory (MB): peak = 1480.727 ; gain = 546.277 ; free physical = 740 ; free virtual = 5942
Finished Rebuilding User Hierarchy : Time (s): cpu = 00:02:03 ; elapsed = 00:02:08 . Memory (MB): peak = 1480.727 ; gain = 546.277 ; free physical = 740 ; free virtual = 5942
Finished Renaming Generated Ports : Time (s): cpu = 00:02:03 ; elapsed = 00:02:08 . Memory (MB): peak = 1480.727 ; gain = 546.277 ; free physical = 740 ; free virtual = 5942
Finished Handling Custom Attributes : Time (s): cpu = 00:02:03 ; elapsed = 00:02:08 . Memory (MB): peak = 1480.727 ; gain = 546.277 ; free physical = 716 ; free virtual = 5917
Finished Renaming Generated Nets : Time (s): cpu = 00:02:03 ; elapsed = 00:02:08 . Memory (MB): peak = 1480.727 ; gain = 546.277 ; free physical = 706 ; free virtual = 5907

Report Cell Usage: 
+------+---------+------+
|      |Cell     |Count |
+------+---------+------+
|1     |LUT1     |     4|
|2     |LUT2     |     8|
|3     |LUT3     |     4|
|4     |LUT4     |     8|
|5     |LUT5     |     4|
|6     |LUT6     |     6|
|7     |RAMB36E1 |     2|
|8     |FDCE     |    19|
|9     |FDPE     |    26|
|10    |FDRE     |    68|
+------+---------+------+
Finished Writing Synthesis Report : Time (s): cpu = 00:02:03 ; elapsed = 00:02:08 . Memory (MB): peak = 1480.727 ; gain = 546.277 ; free physical = 704 ; free virtual = 5905
synth_design: Time (s): cpu = 00:01:59 ; elapsed = 00:02:04 . Memory (MB): peak = 1493.727 ; gain = 469.773 ; free physical = 560 ; free virtual = 5762
