
*** Running vivado
    with args -log wt_rom.vds -m64 -product Vivado -mode batch -messageDb vivado.pb -notrace -source wt_rom.tcl


****** Vivado v2016.4 (64-bit)
  **** SW Build 1756540 on Mon Jan 23 19:11:19 MST 2017
  **** IP Build 1755317 on Mon Jan 23 20:30:07 MST 2017
    ** Copyright 1986-2016 Xilinx, Inc. All Rights Reserved.

source wt_rom.tcl -notrace
Starting RTL Elaboration : Time (s): cpu = 00:00:15 ; elapsed = 00:00:16 . Memory (MB): peak = 1113.535 ; gain = 179.090 ; free physical = 1443 ; free virtual = 6801
INFO: [Synth 8-638] synthesizing module 'wt_rom' [/home/yuzou/gcn_fpga_exp1/gcn_fpga_hw/gcn_fpga_hw.srcs/sources_1/ip/wt_rom/synth/wt_rom.vhd:68]
INFO: [Synth 8-256] done synthesizing module 'wt_rom' (11#1) [/home/yuzou/gcn_fpga_exp1/gcn_fpga_hw/gcn_fpga_hw.srcs/sources_1/ip/wt_rom/synth/wt_rom.vhd:68]
Finished RTL Elaboration : Time (s): cpu = 00:01:40 ; elapsed = 00:01:42 . Memory (MB): peak = 1315.375 ; gain = 380.930 ; free physical = 873 ; free virtual = 6259
Finished RTL Optimization Phase 1 : Time (s): cpu = 00:01:40 ; elapsed = 00:01:42 . Memory (MB): peak = 1315.375 ; gain = 380.930 ; free physical = 866 ; free virtual = 6252
INFO: [Device 21-403] Loading part xc7k325tffg900-2
Constraint Validation Runtime : Time (s): cpu = 00:00:00.04 ; elapsed = 00:00:00.04 . Memory (MB): peak = 1514.387 ; gain = 0.004 ; free physical = 516 ; free virtual = 5907
Finished Constraint Validation : Time (s): cpu = 00:02:00 ; elapsed = 00:02:02 . Memory (MB): peak = 1514.387 ; gain = 579.941 ; free physical = 566 ; free virtual = 5958
Finished Loading Part and Timing Information : Time (s): cpu = 00:02:00 ; elapsed = 00:02:02 . Memory (MB): peak = 1514.387 ; gain = 579.941 ; free physical = 566 ; free virtual = 5958
Finished applying 'set_property' XDC Constraints : Time (s): cpu = 00:02:00 ; elapsed = 00:02:02 . Memory (MB): peak = 1514.387 ; gain = 579.941 ; free physical = 566 ; free virtual = 5957
Finished RTL Optimization Phase 2 : Time (s): cpu = 00:02:01 ; elapsed = 00:02:03 . Memory (MB): peak = 1514.387 ; gain = 579.941 ; free physical = 564 ; free virtual = 5955
Finished Cross Boundary and Area Optimization : Time (s): cpu = 00:02:02 ; elapsed = 00:02:04 . Memory (MB): peak = 1514.391 ; gain = 579.945 ; free physical = 563 ; free virtual = 5954
Finished Applying XDC Timing Constraints : Time (s): cpu = 00:02:15 ; elapsed = 00:02:18 . Memory (MB): peak = 1514.391 ; gain = 579.945 ; free physical = 559 ; free virtual = 5950
Finished Timing Optimization : Time (s): cpu = 00:02:15 ; elapsed = 00:02:18 . Memory (MB): peak = 1514.391 ; gain = 579.945 ; free physical = 559 ; free virtual = 5950
Finished Technology Mapping : Time (s): cpu = 00:02:15 ; elapsed = 00:02:18 . Memory (MB): peak = 1514.391 ; gain = 579.945 ; free physical = 558 ; free virtual = 5949
Finished IO Insertion : Time (s): cpu = 00:02:16 ; elapsed = 00:02:18 . Memory (MB): peak = 1514.391 ; gain = 579.945 ; free physical = 552 ; free virtual = 5943
Finished Renaming Generated Instances : Time (s): cpu = 00:02:16 ; elapsed = 00:02:18 . Memory (MB): peak = 1514.391 ; gain = 579.945 ; free physical = 552 ; free virtual = 5943
Finished Rebuilding User Hierarchy : Time (s): cpu = 00:02:16 ; elapsed = 00:02:19 . Memory (MB): peak = 1514.391 ; gain = 579.945 ; free physical = 552 ; free virtual = 5943
Finished Renaming Generated Ports : Time (s): cpu = 00:02:16 ; elapsed = 00:02:19 . Memory (MB): peak = 1514.391 ; gain = 579.945 ; free physical = 552 ; free virtual = 5943
Finished Handling Custom Attributes : Time (s): cpu = 00:02:16 ; elapsed = 00:02:19 . Memory (MB): peak = 1514.391 ; gain = 579.945 ; free physical = 552 ; free virtual = 5943
Finished Renaming Generated Nets : Time (s): cpu = 00:02:16 ; elapsed = 00:02:19 . Memory (MB): peak = 1514.391 ; gain = 579.945 ; free physical = 552 ; free virtual = 5943

Report Cell Usage: 
+------+-----------+------+
|      |Cell       |Count |
+------+-----------+------+
|1     |LUT3       |     3|
|2     |LUT4       |     8|
|3     |LUT6       |    54|
|4     |MUXF7      |    27|
|5     |RAMB36E1   |     5|
|6     |RAMB36E1_1 |    24|
|7     |FDRE       |     3|
+------+-----------+------+
Finished Writing Synthesis Report : Time (s): cpu = 00:02:16 ; elapsed = 00:02:19 . Memory (MB): peak = 1514.391 ; gain = 579.945 ; free physical = 552 ; free virtual = 5943
synth_design: Time (s): cpu = 00:02:13 ; elapsed = 00:02:14 . Memory (MB): peak = 1514.391 ; gain = 490.441 ; free physical = 555 ; free virtual = 5946
